2024-09-21 05:02:25,276 - ERROR - Error loading data: Missing column provided to 'parse_dates': 'Date'
2024-09-21 05:09:12,950 - ERROR - Error loading data: Missing column provided to 'parse_dates': 'Date'
2024-09-21 05:11:03,578 - ERROR - Error loading data: Missing column provided to 'parse_dates': 'Date'
2024-09-21 07:10:13,558 - ERROR - Error loading data: Missing column provided to 'parse_dates': 'Date'
2024-09-21 07:22:04,480 - ERROR - Error loading data: Missing column provided to 'parse_dates': 'Date'
2024-09-21 07:22:05,882 - ERROR - Error compararion of promotion distributions in training and test sets: 'promo'
2024-09-21 07:23:57,819 - ERROR - Error compararion of promotion distributions in training and test sets: 'promo'
2024-09-21 07:28:06,307 - ERROR - Error compararion of promotion distributions in training and test sets: 'promo'
2024-09-21 07:28:14,805 - ERROR - Error compararion of promotion distributions in training and test sets: 'promo'
2024-09-21 07:31:12,505 - ERROR - Error compararion of promotion distributions in training and test sets: 'promo'
2024-09-21 07:34:23,100 - ERROR - Error loading data: Missing column provided to 'parse_dates': 'Date'
2024-09-21 07:34:24,184 - ERROR - Error compararion of promotion distributions in training and test sets: 'promo'
2024-09-21 07:34:24,746 - ERROR - Error compararion of promotion distributions in training and test sets: 'promo'
2024-09-21 07:34:37,912 - ERROR - Error compararion of promotion distributions in training and test sets: 'promo'
2024-09-21 07:37:30,005 - ERROR - Error compararion of promotion distributions in training and test sets: 'promo'
2024-09-21 07:37:52,859 - ERROR - Error compararion of promotion distributions in training and test sets: 'promo'
2024-09-21 07:43:50,133 - ERROR - Error loading data: Missing column provided to 'parse_dates': 'Date'
2024-09-21 07:43:52,374 - ERROR - Error compararion of promotion distributions in training and test sets: 'promo'
2024-09-21 07:47:25,072 - ERROR - Error loading data: Missing column provided to 'parse_dates': 'Date'
2024-09-21 07:48:51,614 - ERROR - Error Plot the promotion distributions for comparison.: If using all scalar values, you must pass an index
2024-09-21 07:49:47,152 - ERROR - Error loading data: Missing column provided to 'parse_dates': 'Date'
2024-09-21 07:49:49,534 - ERROR - Error Plot the promotion distributions for comparison.: If using all scalar values, you must pass an index
2024-09-21 07:50:40,816 - ERROR - Error Plot the promotion distributions for comparison.: If using all scalar values, you must pass an index
2024-09-21 07:51:25,920 - ERROR - Error Plot the promotion distributions for comparison.: If using all scalar values, you must pass an index
2024-09-21 07:51:27,095 - ERROR - Error Plot the promotion distributions for comparison.: If using all scalar values, you must pass an index
2024-09-21 07:51:27,985 - ERROR - Error Plot the promotion distributions for comparison.: If using all scalar values, you must pass an index
2024-09-21 08:01:40,730 - ERROR - Error loading data: Missing column provided to 'parse_dates': 'Date'
2024-09-21 08:01:43,486 - ERROR - Error Plot the promotion distributions for comparison.: If using all scalar values, you must pass an index
2024-09-21 08:01:55,596 - ERROR - Error Plot the promotion distributions for comparison.: If using all scalar values, you must pass an index
2024-09-21 08:03:40,757 - ERROR - Error Plot the promotion distributions for comparison.: If using all scalar values, you must pass an index
2024-09-21 08:09:41,525 - ERROR - Error loading data: Missing column provided to 'parse_dates': 'Date'
2024-09-21 08:09:44,354 - ERROR - Error Plot the promotion distributions for comparison.: If using all scalar values, you must pass an index
2024-09-21 08:09:45,163 - ERROR - Error Plot the promotion distributions for comparison.: If using all scalar values, you must pass an index
2024-09-21 08:11:26,714 - ERROR - Error loading data: Missing column provided to 'parse_dates': 'Date'
2024-09-21 08:11:29,231 - ERROR - Error Plot the promotion distributions for comparison.: If using all scalar values, you must pass an index
2024-09-21 08:11:38,580 - ERROR - Error loading data: Missing column provided to 'parse_dates': 'Date'
2024-09-21 08:11:40,394 - ERROR - Error Plot the promotion distributions for comparison.: If using all scalar values, you must pass an index
2024-09-21 08:13:27,694 - ERROR - Error loading data: Missing column provided to 'parse_dates': 'Date'
2024-09-21 08:13:29,219 - ERROR - Error compararion of promotion distributions in training and test sets: If using all scalar values, you must pass an index
2024-09-21 08:13:29,377 - ERROR - Error Plot the promotion distributions for comparison.: If using all scalar values, you must pass an index
2024-09-21 08:18:19,741 - ERROR - Error loading data: Missing column provided to 'parse_dates': 'Date'
2024-09-21 08:18:21,132 - ERROR - Error Plot the promotion distributions for comparison.: If using all scalar values, you must pass an index
2024-09-21 08:19:34,100 - ERROR - Error Plot the promotion distributions for comparison.: If using all scalar values, you must pass an index
2024-09-21 08:22:26,094 - ERROR - Error loading data: Missing column provided to 'parse_dates': 'Date'
2024-09-21 08:22:28,249 - ERROR - Error Plot the promotion distributions for comparison.: If using all scalar values, you must pass an index
2024-09-21 08:22:50,349 - ERROR - Error Plot the promotion distributions for comparison.: If using all scalar values, you must pass an index
2024-09-21 08:25:06,334 - ERROR - Error loading data: Missing column provided to 'parse_dates': 'Date'
2024-09-21 08:25:07,822 - ERROR - Error compararion of promotion distributions in training and test sets: If using all scalar values, you must pass an index
2024-09-21 08:27:31,229 - ERROR - Error loading data: Missing column provided to 'parse_dates': 'Date'
2024-09-21 08:27:32,727 - ERROR - Error compararion of promotion distributions in training and test sets: If using all scalar values, you must pass an index
2024-09-21 08:29:22,105 - ERROR - Error loading data: Missing column provided to 'parse_dates': 'Date'
2024-09-21 08:29:23,153 - ERROR - Error compararion of promotion distributions in training and test sets: If using all scalar values, you must pass an index
2024-09-21 08:34:50,573 - ERROR - Error loading data: Missing column provided to 'parse_dates': 'Date'
2024-09-21 08:34:52,868 - ERROR - Error Plot the promotion distributions for comparison.: If using all scalar values, you must pass an index
2024-09-21 08:35:14,596 - ERROR - Error Plot the promotion distributions for comparison.: If using all scalar values, you must pass an index
2024-09-21 08:37:23,359 - ERROR - Error loading data: Missing column provided to 'parse_dates': 'Date'
2024-09-21 08:39:04,001 - ERROR - Error loading data: Missing column provided to 'parse_dates': 'Date'
2024-09-21 08:40:59,005 - ERROR - Error loading data: Missing column provided to 'parse_dates': 'Date'
2024-09-21 08:49:54,782 - ERROR - Error loading data: Missing column provided to 'parse_dates': 'Date'
2024-09-21 08:49:57,707 - ERROR - Error Plot the promotion distributions for comparison.: name 'train_promo_distribution' is not defined
2024-09-21 08:51:18,477 - ERROR - Error Plot the promotion distributions for comparison.: name 'train_promo_distribution' is not defined
2024-09-21 08:52:46,904 - ERROR - Error Plot the promotion distributions for comparison.: name 'train_promo_distribution' is not defined
2024-09-21 08:53:28,958 - ERROR - Error Plot the promotion distributions for comparison.: name 'train_promo_distribution' is not defined
2024-09-21 08:57:32,365 - ERROR - Error loading data: Missing column provided to 'parse_dates': 'Date'
2024-09-21 09:17:30,767 - ERROR - Error loading data: Missing column provided to 'parse_dates': 'Date'
2024-09-21 09:33:55,682 - ERROR - Error loading data: Missing column provided to 'parse_dates': 'Date'
2024-09-21 09:34:15,977 - ERROR - Error loading data: Missing column provided to 'parse_dates': 'Date'
2024-09-21 09:37:30,030 - ERROR - Error loading data: [Errno 2] No such file or directory: 'file_paths'
2024-09-21 09:37:30,032 - ERROR - Error loading data: [Errno 2] No such file or directory: 'file_paths'
2024-09-21 09:37:30,315 - ERROR - Error loading data: [Errno 2] No such file or directory: 'file_paths'
2024-09-21 09:38:02,845 - ERROR - Error loading data: [Errno 2] No such file or directory: 'file_paths'
2024-09-21 09:43:27,247 - ERROR - Error loading data: [Errno 2] No such file or directory: 'file_paths'
2024-09-21 09:43:27,373 - ERROR - Error loading data: [Errno 2] No such file or directory: 'file_paths'
2024-09-21 09:44:28,225 - ERROR - Error loading data: [Errno 2] No such file or directory: 'file_paths'
2024-09-21 09:44:28,564 - ERROR - Error loading data: [Errno 2] No such file or directory: 'file_paths'
