2024-09-21 05:00:57,554 - INFO - Loading data from file...
2024-09-21 05:01:01,075 - INFO - Data loaded with shape (1017209, 8)
2024-09-21 05:02:21,406 - INFO - Loading data from file...
2024-09-21 05:02:25,018 - INFO - Data loaded with shape (1017209, 8)
2024-09-21 05:02:25,042 - INFO - Loading data from file...
2024-09-21 05:02:25,272 - INFO - Data loaded with shape (41088, 7)
2024-09-21 05:02:25,273 - INFO - Loading data from file...
2024-09-21 05:02:25,276 - ERROR - Error loading data: Missing column provided to 'parse_dates': 'Date'
2024-09-21 05:09:08,944 - INFO - Loading data from file...
2024-09-21 05:09:12,570 - INFO - Data loaded with shape (1017209, 8)
2024-09-21 05:09:12,688 - INFO - Loading data from file...
2024-09-21 05:09:12,827 - INFO - Data loaded with shape (41088, 7)
2024-09-21 05:09:12,946 - INFO - Loading data from file...
2024-09-21 05:09:12,950 - ERROR - Error loading data: Missing column provided to 'parse_dates': 'Date'
2024-09-21 05:10:59,618 - INFO - Loading data from file...
2024-09-21 05:11:03,397 - INFO - Data loaded with shape (1017209, 8)
2024-09-21 05:11:03,417 - INFO - Loading data from file...
2024-09-21 05:11:03,554 - INFO - Data loaded with shape (41088, 7)
2024-09-21 05:11:03,575 - INFO - Loading data from file...
2024-09-21 05:11:03,578 - ERROR - Error loading data: Missing column provided to 'parse_dates': 'Date'
2024-09-21 07:09:54,370 - INFO - Loading data from file...
2024-09-21 07:10:13,028 - INFO - Data loaded with shape (1017209, 8)
2024-09-21 07:10:13,029 - INFO - Loading data from file...
2024-09-21 07:10:13,508 - INFO - Data loaded with shape (41088, 7)
2024-09-21 07:10:13,508 - INFO - Loading data from file...
2024-09-21 07:10:13,558 - ERROR - Error loading data: Missing column provided to 'parse_dates': 'Date'
2024-09-21 07:22:00,628 - INFO - Loading data from file...
2024-09-21 07:22:04,343 - INFO - Data loaded with shape (1017209, 8)
2024-09-21 07:22:04,344 - INFO - Loading data from file...
2024-09-21 07:22:04,477 - INFO - Data loaded with shape (41088, 7)
2024-09-21 07:22:04,477 - INFO - Loading data from file...
2024-09-21 07:22:04,480 - ERROR - Error loading data: Missing column provided to 'parse_dates': 'Date'
2024-09-21 07:22:05,881 - INFO - Analyze and compare promotion distributions in training and test sets.
2024-09-21 07:22:05,882 - ERROR - Error compararion of promotion distributions in training and test sets: 'promo'
2024-09-21 07:23:57,818 - INFO - Analyze and compare promotion distributions in training and test sets.
2024-09-21 07:23:57,819 - ERROR - Error compararion of promotion distributions in training and test sets: 'promo'
2024-09-21 07:28:06,306 - INFO - Analyze and compare promotion distributions in training and test sets.
2024-09-21 07:28:06,307 - ERROR - Error compararion of promotion distributions in training and test sets: 'promo'
2024-09-21 07:28:14,804 - INFO - Analyze and compare promotion distributions in training and test sets.
2024-09-21 07:28:14,805 - ERROR - Error compararion of promotion distributions in training and test sets: 'promo'
2024-09-21 07:31:12,504 - INFO - Analyze and compare promotion distributions in training and test sets.
2024-09-21 07:31:12,505 - ERROR - Error compararion of promotion distributions in training and test sets: 'promo'
2024-09-21 07:34:18,894 - INFO - Loading data from file...
2024-09-21 07:34:22,966 - INFO - Data loaded with shape (1017209, 8)
2024-09-21 07:34:22,967 - INFO - Loading data from file...
2024-09-21 07:34:23,095 - INFO - Data loaded with shape (41088, 7)
2024-09-21 07:34:23,096 - INFO - Loading data from file...
2024-09-21 07:34:23,100 - ERROR - Error loading data: Missing column provided to 'parse_dates': 'Date'
2024-09-21 07:34:24,184 - INFO - Analyze and compare promotion distributions in training and test sets.
2024-09-21 07:34:24,184 - ERROR - Error compararion of promotion distributions in training and test sets: 'promo'
2024-09-21 07:34:24,746 - INFO - Analyze and compare promotion distributions in training and test sets.
2024-09-21 07:34:24,746 - ERROR - Error compararion of promotion distributions in training and test sets: 'promo'
2024-09-21 07:34:37,911 - INFO - Analyze and compare promotion distributions in training and test sets.
2024-09-21 07:34:37,912 - ERROR - Error compararion of promotion distributions in training and test sets: 'promo'
2024-09-21 07:37:30,004 - INFO - Analyze and compare promotion distributions in training and test sets.
2024-09-21 07:37:30,005 - ERROR - Error compararion of promotion distributions in training and test sets: 'promo'
2024-09-21 07:37:52,858 - INFO - Analyze and compare promotion distributions in training and test sets.
2024-09-21 07:37:52,859 - ERROR - Error compararion of promotion distributions in training and test sets: 'promo'
2024-09-21 07:43:45,922 - INFO - Loading data from file...
2024-09-21 07:43:49,765 - INFO - Data loaded with shape (1017209, 8)
2024-09-21 07:43:49,768 - INFO - Loading data from file...
2024-09-21 07:43:50,110 - INFO - Data loaded with shape (41088, 7)
2024-09-21 07:43:50,110 - INFO - Loading data from file...
2024-09-21 07:43:50,133 - ERROR - Error loading data: Missing column provided to 'parse_dates': 'Date'
2024-09-21 07:43:52,311 - INFO - Analyze and compare promotion distributions in training and test sets.
2024-09-21 07:43:52,374 - ERROR - Error compararion of promotion distributions in training and test sets: 'promo'
2024-09-21 07:47:22,682 - INFO - Loading data from file...
2024-09-21 07:47:24,976 - INFO - Data loaded with shape (1017209, 8)
2024-09-21 07:47:24,977 - INFO - Loading data from file...
2024-09-21 07:47:25,069 - INFO - Data loaded with shape (41088, 7)
2024-09-21 07:47:25,070 - INFO - Loading data from file...
2024-09-21 07:47:25,072 - ERROR - Error loading data: Missing column provided to 'parse_dates': 'Date'
2024-09-21 07:47:27,215 - INFO - Analyze and compare promotion distributions in training and test sets.
2024-09-21 07:48:51,612 - INFO - Plot the promotion distributions for comparison.
2024-09-21 07:48:51,614 - ERROR - Error Plot the promotion distributions for comparison.: If using all scalar values, you must pass an index
2024-09-21 07:49:43,269 - INFO - Loading data from file...
2024-09-21 07:49:46,970 - INFO - Data loaded with shape (1017209, 8)
2024-09-21 07:49:46,970 - INFO - Loading data from file...
2024-09-21 07:49:47,148 - INFO - Data loaded with shape (41088, 7)
2024-09-21 07:49:47,149 - INFO - Loading data from file...
2024-09-21 07:49:47,152 - ERROR - Error loading data: Missing column provided to 'parse_dates': 'Date'
2024-09-21 07:49:48,935 - INFO - Analyze and compare promotion distributions in training and test sets.
2024-09-21 07:49:49,533 - INFO - Plot the promotion distributions for comparison.
2024-09-21 07:49:49,534 - ERROR - Error Plot the promotion distributions for comparison.: If using all scalar values, you must pass an index
2024-09-21 07:50:14,262 - INFO - Analyze and compare promotion distributions in training and test sets.
2024-09-21 07:50:40,814 - INFO - Plot the promotion distributions for comparison.
2024-09-21 07:50:40,816 - ERROR - Error Plot the promotion distributions for comparison.: If using all scalar values, you must pass an index
2024-09-21 07:51:13,467 - INFO - Analyze and compare promotion distributions in training and test sets.
2024-09-21 07:51:25,919 - INFO - Plot the promotion distributions for comparison.
2024-09-21 07:51:25,920 - ERROR - Error Plot the promotion distributions for comparison.: If using all scalar values, you must pass an index
2024-09-21 07:51:27,094 - INFO - Plot the promotion distributions for comparison.
2024-09-21 07:51:27,095 - ERROR - Error Plot the promotion distributions for comparison.: If using all scalar values, you must pass an index
2024-09-21 07:51:27,984 - INFO - Plot the promotion distributions for comparison.
2024-09-21 07:51:27,985 - ERROR - Error Plot the promotion distributions for comparison.: If using all scalar values, you must pass an index
2024-09-21 08:01:37,281 - INFO - Loading data from file...
2024-09-21 08:01:40,584 - INFO - Data loaded with shape (1017209, 8)
2024-09-21 08:01:40,584 - INFO - Loading data from file...
2024-09-21 08:01:40,727 - INFO - Data loaded with shape (41088, 7)
2024-09-21 08:01:40,728 - INFO - Loading data from file...
2024-09-21 08:01:40,730 - ERROR - Error loading data: Missing column provided to 'parse_dates': 'Date'
2024-09-21 08:01:43,056 - INFO - Analyze and compare promotion distributions in training and test sets.
2024-09-21 08:01:43,486 - INFO - Plot the promotion distributions for comparison.
2024-09-21 08:01:43,486 - ERROR - Error Plot the promotion distributions for comparison.: If using all scalar values, you must pass an index
2024-09-21 08:01:55,594 - INFO - Plot the promotion distributions for comparison.
2024-09-21 08:01:55,596 - ERROR - Error Plot the promotion distributions for comparison.: If using all scalar values, you must pass an index
2024-09-21 08:03:40,755 - INFO - Plot the promotion distributions for comparison.
2024-09-21 08:03:40,757 - ERROR - Error Plot the promotion distributions for comparison.: If using all scalar values, you must pass an index
2024-09-21 08:09:37,773 - INFO - Loading data from file...
2024-09-21 08:09:41,378 - INFO - Data loaded with shape (1017209, 8)
2024-09-21 08:09:41,379 - INFO - Loading data from file...
2024-09-21 08:09:41,522 - INFO - Data loaded with shape (41088, 7)
2024-09-21 08:09:41,523 - INFO - Loading data from file...
2024-09-21 08:09:41,525 - ERROR - Error loading data: Missing column provided to 'parse_dates': 'Date'
2024-09-21 08:09:43,875 - INFO - Analyze and compare promotion distributions in training and test sets.
2024-09-21 08:09:44,353 - INFO - Plot the promotion distributions for comparison.
2024-09-21 08:09:44,354 - ERROR - Error Plot the promotion distributions for comparison.: If using all scalar values, you must pass an index
2024-09-21 08:09:45,162 - INFO - Plot the promotion distributions for comparison.
2024-09-21 08:09:45,163 - ERROR - Error Plot the promotion distributions for comparison.: If using all scalar values, you must pass an index
2024-09-21 08:11:23,023 - INFO - Loading data from file...
2024-09-21 08:11:26,476 - INFO - Data loaded with shape (1017209, 8)
2024-09-21 08:11:26,476 - INFO - Loading data from file...
2024-09-21 08:11:26,709 - INFO - Data loaded with shape (41088, 7)
2024-09-21 08:11:26,710 - INFO - Loading data from file...
2024-09-21 08:11:26,714 - ERROR - Error loading data: Missing column provided to 'parse_dates': 'Date'
2024-09-21 08:11:28,528 - INFO - Analyze and compare promotion distributions in training and test sets.
2024-09-21 08:11:29,230 - INFO - Plot the promotion distributions for comparison.
2024-09-21 08:11:29,231 - ERROR - Error Plot the promotion distributions for comparison.: If using all scalar values, you must pass an index
2024-09-21 08:11:34,628 - INFO - Loading data from file...
2024-09-21 08:11:38,436 - INFO - Data loaded with shape (1017209, 8)
2024-09-21 08:11:38,437 - INFO - Loading data from file...
2024-09-21 08:11:38,573 - INFO - Data loaded with shape (41088, 7)
2024-09-21 08:11:38,574 - INFO - Loading data from file...
2024-09-21 08:11:38,580 - ERROR - Error loading data: Missing column provided to 'parse_dates': 'Date'
2024-09-21 08:11:40,194 - INFO - Analyze and compare promotion distributions in training and test sets.
2024-09-21 08:11:40,393 - INFO - Plot the promotion distributions for comparison.
2024-09-21 08:11:40,394 - ERROR - Error Plot the promotion distributions for comparison.: If using all scalar values, you must pass an index
2024-09-21 08:13:24,287 - INFO - Loading data from file...
2024-09-21 08:13:27,580 - INFO - Data loaded with shape (1017209, 8)
2024-09-21 08:13:27,581 - INFO - Loading data from file...
2024-09-21 08:13:27,691 - INFO - Data loaded with shape (41088, 7)
2024-09-21 08:13:27,692 - INFO - Loading data from file...
2024-09-21 08:13:27,694 - ERROR - Error loading data: Missing column provided to 'parse_dates': 'Date'
2024-09-21 08:13:29,184 - INFO - Analyze and compare promotion distributions in training and test sets.
2024-09-21 08:13:29,219 - ERROR - Error compararion of promotion distributions in training and test sets: If using all scalar values, you must pass an index
2024-09-21 08:13:29,375 - INFO - Plot the promotion distributions for comparison.
2024-09-21 08:13:29,377 - ERROR - Error Plot the promotion distributions for comparison.: If using all scalar values, you must pass an index
2024-09-21 08:18:15,855 - INFO - Loading data from file...
2024-09-21 08:18:19,635 - INFO - Data loaded with shape (1017209, 8)
2024-09-21 08:18:19,636 - INFO - Loading data from file...
2024-09-21 08:18:19,738 - INFO - Data loaded with shape (41088, 7)
2024-09-21 08:18:19,739 - INFO - Loading data from file...
2024-09-21 08:18:19,741 - ERROR - Error loading data: Missing column provided to 'parse_dates': 'Date'
2024-09-21 08:18:20,953 - INFO - Analyze and compare promotion distributions in training and test sets.
2024-09-21 08:18:21,132 - INFO - Plot the promotion distributions for comparison.
2024-09-21 08:18:21,132 - ERROR - Error Plot the promotion distributions for comparison.: If using all scalar values, you must pass an index
2024-09-21 08:19:34,099 - INFO - Plot the promotion distributions for comparison.
2024-09-21 08:19:34,100 - ERROR - Error Plot the promotion distributions for comparison.: If using all scalar values, you must pass an index
2024-09-21 08:22:22,352 - INFO - Loading data from file...
2024-09-21 08:22:25,898 - INFO - Data loaded with shape (1017209, 8)
2024-09-21 08:22:25,899 - INFO - Loading data from file...
2024-09-21 08:22:26,087 - INFO - Data loaded with shape (41088, 7)
2024-09-21 08:22:26,088 - INFO - Loading data from file...
2024-09-21 08:22:26,094 - ERROR - Error loading data: Missing column provided to 'parse_dates': 'Date'
2024-09-21 08:22:27,934 - INFO - Analyze and compare promotion distributions in training and test sets.
2024-09-21 08:22:28,247 - INFO - Plot the promotion distributions for comparison.
2024-09-21 08:22:28,249 - ERROR - Error Plot the promotion distributions for comparison.: If using all scalar values, you must pass an index
2024-09-21 08:22:50,347 - INFO - Plot the promotion distributions for comparison.
2024-09-21 08:22:50,349 - ERROR - Error Plot the promotion distributions for comparison.: If using all scalar values, you must pass an index
2024-09-21 08:25:01,885 - INFO - Loading data from file...
2024-09-21 08:25:06,199 - INFO - Data loaded with shape (1017209, 8)
2024-09-21 08:25:06,200 - INFO - Loading data from file...
2024-09-21 08:25:06,331 - INFO - Data loaded with shape (41088, 7)
2024-09-21 08:25:06,332 - INFO - Loading data from file...
2024-09-21 08:25:06,334 - ERROR - Error loading data: Missing column provided to 'parse_dates': 'Date'
2024-09-21 08:25:07,768 - INFO - Analyze and compare promotion distributions in training and test sets.
2024-09-21 08:25:07,822 - ERROR - Error compararion of promotion distributions in training and test sets: If using all scalar values, you must pass an index
2024-09-21 08:27:25,994 - INFO - Loading data from file...
2024-09-21 08:27:31,088 - INFO - Data loaded with shape (1017209, 8)
2024-09-21 08:27:31,089 - INFO - Loading data from file...
2024-09-21 08:27:31,226 - INFO - Data loaded with shape (41088, 7)
2024-09-21 08:27:31,226 - INFO - Loading data from file...
2024-09-21 08:27:31,229 - ERROR - Error loading data: Missing column provided to 'parse_dates': 'Date'
2024-09-21 08:27:32,695 - INFO - Analyze and compare promotion distributions in training and test sets.
2024-09-21 08:27:32,727 - ERROR - Error compararion of promotion distributions in training and test sets: If using all scalar values, you must pass an index
2024-09-21 08:29:19,811 - INFO - Loading data from file...
2024-09-21 08:29:21,985 - INFO - Data loaded with shape (1017209, 8)
2024-09-21 08:29:21,985 - INFO - Loading data from file...
2024-09-21 08:29:22,101 - INFO - Data loaded with shape (41088, 7)
2024-09-21 08:29:22,102 - INFO - Loading data from file...
2024-09-21 08:29:22,105 - ERROR - Error loading data: Missing column provided to 'parse_dates': 'Date'
2024-09-21 08:29:23,127 - INFO - Analyze and compare promotion distributions in training and test sets.
2024-09-21 08:29:23,153 - ERROR - Error compararion of promotion distributions in training and test sets: If using all scalar values, you must pass an index
2024-09-21 08:34:48,482 - INFO - Loading data from file...
2024-09-21 08:34:50,467 - INFO - Data loaded with shape (1017209, 8)
2024-09-21 08:34:50,468 - INFO - Loading data from file...
2024-09-21 08:34:50,570 - INFO - Data loaded with shape (41088, 7)
2024-09-21 08:34:50,571 - INFO - Loading data from file...
2024-09-21 08:34:50,573 - ERROR - Error loading data: Missing column provided to 'parse_dates': 'Date'
2024-09-21 08:34:52,498 - INFO - Analyze and compare promotion distributions in training and test sets.
2024-09-21 08:34:52,866 - INFO - Plot the promotion distributions for comparison.
2024-09-21 08:34:52,868 - ERROR - Error Plot the promotion distributions for comparison.: If using all scalar values, you must pass an index
2024-09-21 08:35:14,594 - INFO - Plot the promotion distributions for comparison.
2024-09-21 08:35:14,596 - ERROR - Error Plot the promotion distributions for comparison.: If using all scalar values, you must pass an index
2024-09-21 08:37:20,913 - INFO - Loading data from file...
2024-09-21 08:37:23,250 - INFO - Data loaded with shape (1017209, 8)
2024-09-21 08:37:23,251 - INFO - Loading data from file...
2024-09-21 08:37:23,354 - INFO - Data loaded with shape (41088, 7)
2024-09-21 08:37:23,355 - INFO - Loading data from file...
2024-09-21 08:37:23,359 - ERROR - Error loading data: Missing column provided to 'parse_dates': 'Date'
2024-09-21 08:37:24,922 - INFO - Analyze and compare promotion distributions in training and test sets.
2024-09-21 08:39:01,617 - INFO - Loading data from file...
2024-09-21 08:39:03,868 - INFO - Data loaded with shape (1017209, 8)
2024-09-21 08:39:03,869 - INFO - Loading data from file...
2024-09-21 08:39:03,995 - INFO - Data loaded with shape (41088, 7)
2024-09-21 08:39:03,996 - INFO - Loading data from file...
2024-09-21 08:39:04,001 - ERROR - Error loading data: Missing column provided to 'parse_dates': 'Date'
2024-09-21 08:39:05,697 - INFO - Analyze and compare promotion distributions in training and test sets.
2024-09-21 08:40:54,917 - INFO - Loading data from file...
2024-09-21 08:40:58,873 - INFO - Data loaded with shape (1017209, 8)
2024-09-21 08:40:58,873 - INFO - Loading data from file...
2024-09-21 08:40:59,002 - INFO - Data loaded with shape (41088, 7)
2024-09-21 08:40:59,002 - INFO - Loading data from file...
2024-09-21 08:40:59,005 - ERROR - Error loading data: Missing column provided to 'parse_dates': 'Date'
2024-09-21 08:41:01,003 - INFO - Analyze and compare promotion distributions in training and test sets.
2024-09-21 08:49:50,379 - INFO - Loading data from file...
2024-09-21 08:49:54,594 - INFO - Data loaded with shape (1017209, 8)
2024-09-21 08:49:54,595 - INFO - Loading data from file...
2024-09-21 08:49:54,777 - INFO - Data loaded with shape (41088, 7)
2024-09-21 08:49:54,778 - INFO - Loading data from file...
2024-09-21 08:49:54,782 - ERROR - Error loading data: Missing column provided to 'parse_dates': 'Date'
2024-09-21 08:49:56,909 - INFO - Analyze and compare promotion distributions in training and test sets.
2024-09-21 08:49:57,706 - INFO - Plot the promotion distributions for comparison.
2024-09-21 08:49:57,707 - ERROR - Error Plot the promotion distributions for comparison.: name 'train_promo_distribution' is not defined
2024-09-21 08:51:18,477 - INFO - Plot the promotion distributions for comparison.
2024-09-21 08:51:18,477 - ERROR - Error Plot the promotion distributions for comparison.: name 'train_promo_distribution' is not defined
2024-09-21 08:52:46,903 - INFO - Plot the promotion distributions for comparison.
2024-09-21 08:52:46,904 - ERROR - Error Plot the promotion distributions for comparison.: name 'train_promo_distribution' is not defined
2024-09-21 08:53:28,957 - INFO - Plot the promotion distributions for comparison.
2024-09-21 08:53:28,958 - ERROR - Error Plot the promotion distributions for comparison.: name 'train_promo_distribution' is not defined
2024-09-21 08:57:28,740 - INFO - Loading data from file...
2024-09-21 08:57:32,272 - INFO - Data loaded with shape (1017209, 8)
2024-09-21 08:57:32,272 - INFO - Loading data from file...
2024-09-21 08:57:32,362 - INFO - Data loaded with shape (41088, 7)
2024-09-21 08:57:32,363 - INFO - Loading data from file...
2024-09-21 08:57:32,365 - ERROR - Error loading data: Missing column provided to 'parse_dates': 'Date'
2024-09-21 08:57:33,617 - INFO - Analyze and compare promotion distributions in training and test sets.
2024-09-21 08:57:35,576 - INFO - Plot the promotion distributions for comparison.
2024-09-21 08:57:42,692 - INFO - Plot the promotion distributions for comparison.
2024-09-21 09:16:40,011 - INFO - Loading data from file...
2024-09-21 09:16:43,676 - INFO - Data loaded with shape (1017209, 8)
2024-09-21 09:16:43,677 - INFO - Loading data from file...
2024-09-21 09:16:43,855 - INFO - Data loaded with shape (41088, 7)
2024-09-21 09:17:26,695 - INFO - Loading data from file...
2024-09-21 09:17:30,604 - INFO - Data loaded with shape (1017209, 8)
2024-09-21 09:17:30,623 - INFO - Loading data from file...
2024-09-21 09:17:30,760 - INFO - Data loaded with shape (41088, 7)
2024-09-21 09:17:30,763 - INFO - Loading data from file...
2024-09-21 09:17:30,767 - ERROR - Error loading data: Missing column provided to 'parse_dates': 'Date'
2024-09-21 09:31:59,327 - INFO - Loading data from file...
2024-09-21 09:32:03,482 - INFO - Data loaded with shape (1017209, 8)
2024-09-21 09:32:03,500 - INFO - Loading data from file...
2024-09-21 09:32:03,670 - INFO - Data loaded with shape (41088, 7)
2024-09-21 09:33:55,678 - INFO - Loading data from file...
2024-09-21 09:33:55,682 - ERROR - Error loading data: Missing column provided to 'parse_dates': 'Date'
2024-09-21 09:34:15,975 - INFO - Loading data from file...
2024-09-21 09:34:15,977 - ERROR - Error loading data: Missing column provided to 'parse_dates': 'Date'
2024-09-21 09:37:30,023 - INFO - Loading data from file...
2024-09-21 09:37:30,030 - ERROR - Error loading data: [Errno 2] No such file or directory: 'file_paths'
2024-09-21 09:37:30,032 - INFO - Loading data from file...
2024-09-21 09:37:30,032 - ERROR - Error loading data: [Errno 2] No such file or directory: 'file_paths'
2024-09-21 09:37:30,314 - INFO - Loading data from file...
2024-09-21 09:37:30,315 - ERROR - Error loading data: [Errno 2] No such file or directory: 'file_paths'
2024-09-21 09:38:02,843 - INFO - Loading data from file...
2024-09-21 09:38:02,845 - ERROR - Error loading data: [Errno 2] No such file or directory: 'file_paths'
2024-09-21 09:43:23,856 - INFO - Loading data from file...
2024-09-21 09:43:27,247 - ERROR - Error loading data: [Errno 2] No such file or directory: 'file_paths'
2024-09-21 09:43:27,262 - INFO - Loading data from file...
2024-09-21 09:43:27,373 - ERROR - Error loading data: [Errno 2] No such file or directory: 'file_paths'
2024-09-21 09:44:23,813 - INFO - Loading data from file...
2024-09-21 09:44:28,225 - ERROR - Error loading data: [Errno 2] No such file or directory: 'file_paths'
2024-09-21 09:44:28,280 - INFO - Loading data from file...
2024-09-21 09:44:28,564 - ERROR - Error loading data: [Errno 2] No such file or directory: 'file_paths'
2024-09-21 09:45:48,937 - INFO - Loading data from file...
2024-09-21 09:45:52,011 - INFO - Data loaded with shape (1017209, 8)
2024-09-21 09:45:52,012 - INFO - Loading data from file...
2024-09-21 09:45:52,116 - INFO - Data loaded with shape (41088, 7)
2024-09-21 09:45:59,985 - INFO - Analyze and compare promotion distributions in training and test sets.
2024-09-21 09:46:00,313 - INFO - Plot the promotion distributions for comparison.
2024-09-21 09:46:04,847 - INFO - Plot the promotion distributions for comparison.
2024-09-21 10:50:38,887 - INFO - Loading data from file...
2024-09-21 10:50:46,859 - INFO - Data loaded with shape (1017209, 8)
2024-09-21 10:50:46,861 - INFO - Loading data from file...
2024-09-21 10:50:47,493 - INFO - Data loaded with shape (41088, 7)
2024-09-21 10:50:51,350 - INFO - Analyze and compare promotion distributions in training and test sets.
2024-09-21 10:50:52,220 - INFO - Plot the promotion distributions for comparison.
2024-09-21 10:51:00,697 - INFO - Plot the promotion distributions for comparison.
2024-09-21 11:11:17,780 - INFO - Loading data from file...
2024-09-21 11:11:22,746 - INFO - Data loaded with shape (1017209, 8)
2024-09-21 11:11:22,751 - INFO - Loading data from file...
2024-09-21 11:11:23,012 - INFO - Data loaded with shape (41088, 7)
2024-09-21 11:14:03,827 - INFO - Loading data from file...
2024-09-21 11:14:06,644 - INFO - Data loaded with shape (1017209, 8)
2024-09-21 11:14:06,644 - INFO - Loading data from file...
2024-09-21 11:14:06,893 - INFO - Data loaded with shape (41088, 7)
2024-09-21 11:14:09,317 - INFO - Analyze and compare promotion distributions in training and test sets.
2024-09-21 11:14:09,668 - INFO - Plot the promotion distributions for comparison.
2024-09-21 11:14:23,131 - INFO - Loading data from file...
2024-09-21 11:14:26,689 - INFO - Data loaded with shape (1017209, 8)
2024-09-21 11:14:26,690 - INFO - Loading data from file...
2024-09-21 11:14:26,862 - INFO - Data loaded with shape (41088, 7)
2024-09-21 11:14:29,481 - INFO - Analyze and compare promotion distributions in training and test sets.
2024-09-21 11:14:29,953 - INFO - Plot the promotion distributions for comparison.
2024-09-21 11:16:38,964 - INFO - Loading data from file...
2024-09-21 11:16:47,071 - INFO - Data loaded with shape (1017209, 8)
2024-09-21 11:16:47,073 - INFO - Loading data from file...
2024-09-21 11:16:47,569 - INFO - Data loaded with shape (41088, 7)
2024-09-21 11:16:47,570 - INFO - Loading data from file...
2024-09-21 11:16:52,300 - INFO - Data loaded with shape (1017209, 8)
2024-09-21 11:17:16,674 - INFO - Loading data from file...
2024-09-21 11:17:20,794 - INFO - Data loaded with shape (1017209, 8)
2024-09-21 11:17:20,795 - INFO - Loading data from file...
2024-09-21 11:17:20,968 - INFO - Data loaded with shape (41088, 7)
2024-09-21 11:17:20,972 - INFO - Loading data from file...
2024-09-21 11:17:25,478 - INFO - Data loaded with shape (1017209, 8)
2024-09-21 11:17:29,181 - INFO - Analyze and compare promotion distributions in training and test sets.
2024-09-21 11:17:29,632 - INFO - Plot the promotion distributions for comparison.
2024-09-21 11:21:16,535 - INFO - Loading data from file...
2024-09-21 11:21:21,468 - INFO - Data loaded with shape (1017209, 8)
2024-09-21 11:21:21,469 - INFO - Loading data from file...
2024-09-21 11:21:21,615 - INFO - Data loaded with shape (41088, 7)
2024-09-21 11:21:29,450 - INFO - Loading data from file...
2024-09-21 11:21:34,461 - INFO - Data loaded with shape (1017209, 8)
2024-09-21 11:21:34,488 - INFO - Loading data from file...
2024-09-21 11:21:34,676 - INFO - Data loaded with shape (41088, 7)
2024-09-21 11:22:16,000 - INFO - Loading data from file...
2024-09-21 11:22:20,211 - INFO - Data loaded with shape (1017209, 8)
2024-09-21 11:22:20,231 - INFO - Loading data from file...
2024-09-21 11:22:20,372 - INFO - Data loaded with shape (41088, 7)
2024-09-21 11:22:20,376 - INFO - Loading data from file...
2024-09-21 11:22:22,777 - INFO - Data loaded with shape (1017209, 8)
2024-09-21 11:59:27,260 - INFO - Loading data from file...
2024-09-21 11:59:42,371 - INFO - Data loaded with shape (1017209, 8)
2024-09-21 11:59:42,372 - INFO - Loading data from file...
2024-09-21 11:59:42,877 - INFO - Data loaded with shape (41088, 7)
2024-09-21 11:59:43,041 - INFO - Loading data from file...
2024-09-21 11:59:46,137 - INFO - Data loaded with shape (1017209, 8)
2024-09-21 12:04:47,130 - INFO - Loading data from file...
2024-09-21 12:04:50,970 - INFO - Data loaded with shape (1017209, 8)
2024-09-21 12:04:50,971 - INFO - Loading data from file...
2024-09-21 12:04:51,139 - INFO - Data loaded with shape (41088, 7)
2024-09-21 12:06:27,658 - INFO - Loading data from file...
2024-09-21 12:06:31,771 - INFO - Data loaded with shape (1017209, 8)
2024-09-21 12:06:31,772 - INFO - Loading data from file...
2024-09-21 12:06:32,001 - INFO - Data loaded with shape (41088, 7)
2024-09-21 12:06:32,002 - INFO - Loading data from file...
2024-09-21 12:06:32,042 - ERROR - Error loading data: Missing column provided to 'parse_dates': 'Date'
2024-09-21 12:12:23,953 - INFO - Loading data from file...
2024-09-21 12:12:27,436 - INFO - Data loaded with shape (1017209, 9)
2024-09-21 12:12:27,437 - INFO - Loading data from file...
2024-09-21 12:12:27,596 - INFO - Data loaded with shape (41088, 8)
2024-09-21 12:12:27,596 - INFO - Loading data from file...
2024-09-21 12:12:27,599 - ERROR - Error loading data: Missing column provided to 'parse_dates': 'Date'
2024-09-21 12:12:41,105 - INFO - Loading data from file...
2024-09-21 12:12:44,486 - INFO - Data loaded with shape (1017209, 9)
2024-09-21 12:12:44,509 - INFO - Loading data from file...
2024-09-21 12:12:44,700 - INFO - Data loaded with shape (41088, 8)
2024-09-21 12:12:44,702 - INFO - Loading data from file...
2024-09-21 12:12:44,705 - ERROR - Error loading data: Missing column provided to 'parse_dates': 'Date'
2024-09-21 12:16:25,792 - INFO - Loading data from file...
2024-09-21 12:16:25,799 - ERROR - Error loading data: [Errno 2] No such file or directory: 'file_path'
2024-09-21 12:16:25,800 - INFO - Loading data from file...
2024-09-21 12:16:25,802 - ERROR - Error loading data: [Errno 2] No such file or directory: 'file_path'
2024-09-21 12:16:25,802 - INFO - Loading data from file...
2024-09-21 12:16:25,803 - ERROR - Error loading data: [Errno 2] No such file or directory: 'file_path'
2024-09-21 12:18:11,693 - INFO - Loading data from file...
2024-09-21 12:18:11,695 - ERROR - Error loading data: [Errno 2] No such file or directory: 'file_path'
2024-09-21 12:18:11,696 - INFO - Loading data from file...
2024-09-21 12:18:11,698 - ERROR - Error loading data: [Errno 2] No such file or directory: 'file_path'
2024-09-21 12:18:11,699 - INFO - Loading data from file...
2024-09-21 12:18:11,700 - ERROR - Error loading data: [Errno 2] No such file or directory: 'file_path'
2024-09-21 12:19:28,242 - INFO - Loading data from file...
2024-09-21 12:19:28,243 - ERROR - Error loading data: [Errno 2] No such file or directory: 'file_path'
2024-09-21 12:19:28,244 - INFO - Loading data from file...
2024-09-21 12:19:28,245 - ERROR - Error loading data: [Errno 2] No such file or directory: 'file_path'
2024-09-21 12:19:28,246 - INFO - Loading data from file...
2024-09-21 12:19:28,248 - ERROR - Error loading data: [Errno 2] No such file or directory: 'file_path'
2024-09-21 12:19:50,120 - INFO - Loading data from file...
2024-09-21 12:19:50,122 - ERROR - Error loading data: [Errno 2] No such file or directory: 'file_path'
2024-09-21 12:19:50,123 - INFO - Loading data from file...
2024-09-21 12:19:50,123 - ERROR - Error loading data: [Errno 2] No such file or directory: 'file_path'
2024-09-21 12:19:50,126 - INFO - Loading data from file...
2024-09-21 12:19:50,127 - ERROR - Error loading data: [Errno 2] No such file or directory: 'file_path'
2024-09-21 12:19:57,843 - INFO - Loading data from file...
2024-09-21 12:19:57,844 - ERROR - Error loading data: [Errno 2] No such file or directory: 'file_path'
2024-09-21 12:19:57,845 - INFO - Loading data from file...
2024-09-21 12:19:57,845 - ERROR - Error loading data: [Errno 2] No such file or directory: 'file_path'
2024-09-21 12:19:57,846 - INFO - Loading data from file...
2024-09-21 12:19:57,847 - ERROR - Error loading data: [Errno 2] No such file or directory: 'file_path'
2024-09-21 12:20:23,301 - INFO - Loading data from file...
2024-09-21 12:20:23,302 - ERROR - Error loading data: [Errno 2] No such file or directory: 'file_path'
2024-09-21 12:20:23,303 - INFO - Loading data from file...
2024-09-21 12:20:23,304 - ERROR - Error loading data: [Errno 2] No such file or directory: 'file_path'
2024-09-21 12:21:59,597 - INFO - Loading data from file...
2024-09-21 12:21:59,601 - ERROR - Error loading data: [Errno 2] No such file or directory: 'file_path'
2024-09-21 12:21:59,602 - INFO - Loading data from file...
2024-09-21 12:21:59,603 - ERROR - Error loading data: [Errno 2] No such file or directory: 'file_path'
2024-09-21 12:24:29,883 - INFO - Loading data from file...
2024-09-21 12:24:31,562 - INFO - Data loaded with shape (1017209, 8)
2024-09-21 12:24:31,562 - INFO - Loading data from file...
2024-09-21 12:24:31,641 - INFO - Data loaded with shape (41088, 7)
2024-09-21 12:24:32,162 - INFO - Analyze and compare promotion distributions in training and test sets.
2024-09-21 12:24:32,613 - INFO - Plot the promotion distributions for comparison.
2024-09-21 12:25:03,527 - INFO - Loading data from file...
2024-09-21 12:25:07,132 - INFO - Data loaded with shape (1017209, 8)
2024-09-21 12:25:07,134 - INFO - Loading data from file...
2024-09-21 12:25:07,238 - INFO - Data loaded with shape (41088, 7)
2024-09-21 12:25:07,239 - INFO - Loading data from file...
2024-09-21 12:25:07,241 - ERROR - Error loading data: Missing column provided to 'parse_dates': 'Date'
2024-09-22 02:38:46,653 - INFO - Loading data from file...
2024-09-22 02:38:50,671 - INFO - Data loaded with shape (1017209, 8)
2024-09-22 02:38:50,671 - INFO - Loading data from file...
2024-09-22 02:38:50,853 - INFO - Data loaded with shape (41088, 7)
2024-09-22 02:38:50,854 - INFO - Loading data from file...
2024-09-22 02:38:51,093 - ERROR - Error loading data: Missing column provided to 'parse_dates': 'Date'
2024-09-22 02:38:55,800 - INFO - Analyze and compare promotion distributions in training and test sets.
2024-09-22 02:38:56,335 - INFO - Plot the promotion distributions for comparison.
2024-09-22 02:43:04,193 - INFO - Loading data from file...
2024-09-22 02:43:08,060 - INFO - Data loaded with shape (1017209, 8)
2024-09-22 02:43:08,063 - INFO - Loading data from file...
2024-09-22 02:43:08,188 - INFO - Data loaded with shape (41088, 7)
2024-09-22 02:43:08,189 - INFO - Loading data from file...
2024-09-22 02:43:08,192 - ERROR - Error loading data: Missing column provided to 'parse_dates': 'Date'
2024-09-22 02:43:08,783 - INFO - Analyze and compare promotion distributions in training and test sets.
2024-09-22 02:43:09,083 - INFO - Plot the promotion distributions for comparison.
2024-09-22 02:45:25,860 - INFO - Loading data from file...
2024-09-22 02:45:29,817 - INFO - Data loaded with shape (1017209, 8)
2024-09-22 02:45:29,817 - INFO - Loading data from file...
2024-09-22 02:45:30,056 - INFO - Data loaded with shape (41088, 7)
2024-09-22 02:45:41,472 - INFO - Loading data from file...
2024-09-22 02:45:41,476 - ERROR - Error loading data: Missing column provided to 'parse_dates': 'Date'
2024-09-22 02:46:18,256 - INFO - Loading data from file...
2024-09-22 02:46:21,968 - INFO - Data loaded with shape (1017209, 8)
2024-09-22 02:46:21,992 - INFO - Loading data from file...
2024-09-22 02:46:22,205 - INFO - Data loaded with shape (41088, 7)
2024-09-22 02:46:23,810 - INFO - Analyze and compare promotion distributions in training and test sets.
2024-09-22 02:46:24,061 - INFO - Plot the promotion distributions for comparison.
2024-09-22 03:24:09,287 - INFO - Loading data from file...
2024-09-22 03:24:13,305 - INFO - Data loaded with shape (1017209, 8)
2024-09-22 03:24:13,306 - INFO - Loading data from file...
2024-09-22 03:24:13,525 - INFO - Data loaded with shape (41088, 7)
2024-09-22 03:24:15,384 - INFO - Missing values Tabel
2024-09-22 03:24:26,878 - INFO - Missing values Tabel
2024-09-22 03:24:52,664 - INFO - Missing values Tabel
2024-09-22 03:25:01,297 - INFO - Loading data from file...
2024-09-22 03:25:05,105 - INFO - Data loaded with shape (1017209, 8)
2024-09-22 03:25:05,106 - INFO - Loading data from file...
2024-09-22 03:25:05,282 - INFO - Data loaded with shape (41088, 7)
2024-09-22 03:25:07,046 - INFO - Missing values Tabel
2024-09-22 03:26:22,674 - INFO - Loading data from file...
2024-09-22 03:26:26,202 - INFO - Data loaded with shape (1017209, 8)
2024-09-22 03:26:26,203 - INFO - Loading data from file...
2024-09-22 03:26:26,324 - INFO - Data loaded with shape (41088, 7)
2024-09-22 03:26:27,234 - INFO - Missing values Tabel
2024-09-22 03:29:28,355 - INFO - Loading data from file...
2024-09-22 03:29:31,346 - INFO - Data loaded with shape (1017209, 8)
2024-09-22 03:29:31,349 - INFO - Loading data from file...
2024-09-22 03:29:31,518 - INFO - Data loaded with shape (41088, 7)
2024-09-22 03:29:32,488 - INFO - Missing values Tabel
2024-09-22 03:29:33,150 - INFO - Merging two datas
2024-09-22 03:29:33,150 - ERROR - Error Merging two datas: 'df1'
2024-09-22 03:33:01,615 - INFO - Loading data from file...
2024-09-22 03:33:05,194 - INFO - Data loaded with shape (1017209, 8)
2024-09-22 03:33:05,194 - INFO - Loading data from file...
2024-09-22 03:33:05,351 - INFO - Data loaded with shape (41088, 7)
2024-09-22 03:33:06,223 - INFO - Missing values Tabel
2024-09-22 03:33:07,325 - INFO - Merging two datas
2024-09-22 03:33:07,326 - ERROR - Error Merging two datas: 'df1'
2024-09-22 03:33:07,590 - INFO - Missing values Tabel
2024-09-22 03:33:07,591 - ERROR - Error Missing values: 'NoneType' object has no attribute 'isnull'
2024-09-22 03:33:41,206 - INFO - Loading data from file...
2024-09-22 03:33:44,810 - INFO - Data loaded with shape (1017209, 8)
2024-09-22 03:33:44,811 - INFO - Loading data from file...
2024-09-22 03:33:45,067 - INFO - Data loaded with shape (41088, 7)
2024-09-22 03:33:46,736 - INFO - Missing values Tabel
2024-09-22 03:33:48,054 - INFO - Merging two datas
2024-09-22 03:33:48,055 - ERROR - Error Merging two datas: 'df1'
2024-09-22 03:34:23,866 - INFO - Missing values Tabel
2024-09-22 03:34:23,867 - ERROR - Error Missing values: 'NoneType' object has no attribute 'isnull'
2024-09-22 03:35:47,238 - INFO - Merging two datas
2024-09-22 03:35:47,239 - ERROR - Error Merging two datas: 'df1'
2024-09-22 03:36:23,635 - INFO - Merging two datas
2024-09-22 03:36:23,636 - ERROR - Error Merging two datas: 'df1'
2024-09-22 03:36:45,718 - INFO - Merging two datas
2024-09-22 03:36:45,719 - ERROR - Error Merging two datas: 'df1'
2024-09-22 03:42:07,858 - INFO - Merging two datas
2024-09-22 03:42:07,859 - ERROR - Error Merging two datas: 'df1'
2024-09-22 03:43:37,248 - INFO - Loading data from file...
2024-09-22 03:43:39,775 - INFO - Data loaded with shape (1017209, 8)
2024-09-22 03:43:39,776 - INFO - Loading data from file...
2024-09-22 03:43:39,977 - INFO - Data loaded with shape (41088, 7)
2024-09-22 03:43:41,273 - INFO - Missing values Tabel
2024-09-22 03:43:42,068 - INFO - Merging two datas
2024-09-22 03:43:42,069 - ERROR - Error Merging two datas: 'df1'
2024-09-22 03:43:42,250 - INFO - Missing values Tabel
2024-09-22 03:43:42,250 - ERROR - Error Missing values: 'NoneType' object has no attribute 'isnull'
2024-09-22 03:49:45,920 - INFO - Loading data from file...
2024-09-22 03:49:49,457 - INFO - Data loaded with shape (1017209, 8)
2024-09-22 03:49:49,458 - INFO - Loading data from file...
2024-09-22 03:49:49,643 - INFO - Data loaded with shape (41088, 7)
2024-09-22 03:49:50,810 - INFO - Missing values Tabel
2024-09-22 03:50:51,349 - INFO - Loading data from file...
2024-09-22 03:50:55,089 - INFO - Data loaded with shape (1017209, 8)
2024-09-22 03:50:55,090 - INFO - Loading data from file...
2024-09-22 03:50:55,267 - INFO - Data loaded with shape (41088, 7)
2024-09-22 03:50:56,215 - INFO - Missing values Tabel
2024-09-22 03:52:47,871 - INFO - Loading data from file...
2024-09-22 03:52:51,907 - INFO - Data loaded with shape (1017209, 8)
2024-09-22 03:52:51,908 - INFO - Loading data from file...
2024-09-22 03:52:52,151 - INFO - Data loaded with shape (41088, 7)
2024-09-22 03:52:53,632 - INFO - Missing values Tabel
2024-09-22 03:54:37,466 - INFO - Loading data from file...
2024-09-22 03:54:41,560 - INFO - Data loaded with shape (1017209, 8)
2024-09-22 03:54:41,561 - INFO - Loading data from file...
2024-09-22 03:54:41,823 - INFO - Data loaded with shape (41088, 7)
2024-09-22 03:54:44,436 - INFO - Missing values Tabel
2024-09-22 03:57:01,027 - INFO - Loading data from file...
2024-09-22 03:57:03,378 - INFO - Data loaded with shape (1017209, 8)
2024-09-22 03:57:03,379 - INFO - Loading data from file...
2024-09-22 03:57:03,575 - INFO - Data loaded with shape (41088, 7)
2024-09-22 03:57:04,545 - INFO - Missing values Tabel
2024-09-22 03:58:21,841 - INFO - Merging two datas
2024-09-22 03:58:35,136 - INFO - Merging two datas
2024-09-22 03:58:58,519 - INFO - Loading data from file...
2024-09-22 03:59:01,769 - INFO - Data loaded with shape (1017209, 8)
2024-09-22 03:59:01,769 - INFO - Loading data from file...
2024-09-22 03:59:01,943 - INFO - Data loaded with shape (41088, 7)
2024-09-22 03:59:02,873 - INFO - Missing values Tabel
2024-09-22 03:59:03,796 - INFO - Merging two datas
2024-09-22 03:59:20,817 - INFO - Missing values Tabel
2024-09-22 04:02:37,533 - INFO - Loading data from file...
2024-09-22 04:02:41,134 - INFO - Data loaded with shape (1017209, 8)
2024-09-22 04:02:41,142 - INFO - Loading data from file...
2024-09-22 04:02:41,491 - INFO - Data loaded with shape (41088, 7)
2024-09-22 04:02:42,995 - INFO - Missing values Tabel
2024-09-22 04:02:43,701 - INFO - Merging two datas
2024-09-22 04:02:49,230 - INFO - Missing values Tabel
2024-09-22 04:17:53,894 - INFO - Loading data from file...
2024-09-22 04:17:58,032 - INFO - Data loaded with shape (1017209, 8)
2024-09-22 04:17:58,033 - INFO - Loading data from file...
2024-09-22 04:17:58,366 - INFO - Data loaded with shape (41088, 7)
2024-09-22 04:18:01,309 - INFO - Missing values Tabel
2024-09-22 04:18:02,728 - INFO - Merging two datas
2024-09-22 04:18:14,176 - INFO - Missing values Tabel
2024-09-22 04:30:04,014 - INFO - Loading data from file...
2024-09-22 04:30:06,714 - INFO - Data loaded with shape (1017209, 8)
2024-09-22 04:30:06,715 - INFO - Loading data from file...
2024-09-22 04:30:06,837 - INFO - Data loaded with shape (41088, 7)
2024-09-22 04:30:08,016 - INFO - Missing values Tabel
2024-09-22 04:50:30,981 - INFO - Loading data from file...
2024-09-22 04:50:33,502 - INFO - Data loaded with shape (1017209, 8)
2024-09-22 04:50:33,503 - INFO - Loading data from file...
2024-09-22 04:50:33,725 - INFO - Data loaded with shape (41088, 7)
2024-09-22 04:50:34,952 - INFO - Missing values Tabel
2024-09-22 04:50:53,012 - INFO - Loading data from file...
2024-09-22 04:50:56,828 - INFO - Data loaded with shape (1017209, 8)
2024-09-22 04:50:56,829 - INFO - Loading data from file...
2024-09-22 04:50:57,027 - INFO - Data loaded with shape (41088, 7)
2024-09-22 04:50:58,142 - INFO - Missing values Tabel
2024-09-22 04:50:59,246 - INFO - Merging two datas
2024-09-22 04:51:05,267 - INFO - Missing values Tabel
2024-09-22 04:59:17,644 - INFO - Save cleaned data
2024-09-22 05:00:08,565 - INFO - Save cleaned data
2024-09-22 05:10:46,752 - INFO - Loading data from file...
2024-09-22 05:10:49,836 - INFO - Data loaded with shape (1017209, 8)
2024-09-22 05:10:49,836 - INFO - Loading data from file...
2024-09-22 05:10:49,855 - ERROR - Error loading data: Missing column provided to 'parse_dates': 'Date'
2024-09-22 05:12:45,753 - INFO - Loading data from file...
2024-09-22 05:12:49,970 - INFO - Data loaded with shape (1017209, 8)
2024-09-22 05:12:49,971 - INFO - Loading data from file...
2024-09-22 05:12:49,987 - ERROR - Error loading data: Missing column provided to 'parse_dates': 'Date'
2024-09-22 05:13:50,558 - INFO - Loading data from file...
2024-09-22 05:13:54,596 - INFO - Data loaded with shape (1017209, 8)
2024-09-22 05:13:54,596 - INFO - Loading data from file...
2024-09-22 05:13:54,606 - ERROR - Error loading data: Missing column provided to 'parse_dates': 'Date'
2024-09-22 05:16:23,164 - INFO - Loading data from file...
2024-09-22 05:16:26,785 - INFO - Data loaded with shape (1017209, 8)
2024-09-22 05:16:26,791 - INFO - Loading data from file...
2024-09-22 05:16:26,992 - INFO - Data loaded with shape (41088, 7)
2024-09-22 05:16:28,325 - INFO - Missing values Tabel
2024-09-22 05:16:29,113 - INFO - Merging two datas
2024-09-22 05:16:31,630 - INFO - Missing values Tabel
2024-09-22 05:16:38,498 - INFO - Save cleaned data
2024-09-22 05:16:39,267 - INFO - Save cleaned data
