2024-09-23 07:26:49,307 - INFO - Loading data from file...
2024-09-23 07:26:56,722 - INFO - Data loaded with shape (1017208, 18)
2024-09-23 07:26:56,723 - INFO - Loading data from file...
2024-09-23 07:26:56,790 - INFO - Data loaded with shape (41077, 7)
2024-09-23 07:26:56,790 - INFO - Loading data from file...
2024-09-23 07:26:59,038 - INFO - Data loaded with shape (1017209, 9)
2024-09-23 07:34:31,453 - INFO - Analyze and compare promotion distributions in training and test sets.
2024-09-23 07:35:48,191 - INFO - Plot number of Sales per month.
2024-09-23 07:36:41,192 - INFO - Adding holiday column...
2024-09-23 07:37:03,363 - INFO - Plotting holiday effect...
2024-09-23 07:37:12,115 - INFO - Using categorical units to plot a list of strings that are all parsable as floats or dates. If these strings should be plotted as numbers, cast to the appropriate data type before plotting.
2024-09-23 07:37:13,961 - INFO - Using categorical units to plot a list of strings that are all parsable as floats or dates. If these strings should be plotted as numbers, cast to the appropriate data type before plotting.
2024-09-23 07:39:43,332 - INFO - Plotting average sales by day of week for each storetypes...
2024-09-23 07:40:01,683 - INFO - Using categorical units to plot a list of strings that are all parsable as floats or dates. If these strings should be plotted as numbers, cast to the appropriate data type before plotting.
2024-09-23 07:40:05,191 - INFO - Using categorical units to plot a list of strings that are all parsable as floats or dates. If these strings should be plotted as numbers, cast to the appropriate data type before plotting.
2024-09-23 07:43:46,414 - INFO - Plotting sales distribution: Holiday vs Non-Holiday...
2024-09-23 07:43:51,038 - INFO - Using categorical units to plot a list of strings that are all parsable as floats or dates. If these strings should be plotted as numbers, cast to the appropriate data type before plotting.
2024-09-23 07:43:52,560 - INFO - Using categorical units to plot a list of strings that are all parsable as floats or dates. If these strings should be plotted as numbers, cast to the appropriate data type before plotting.
2024-09-23 07:44:01,316 - INFO - Plotting holiday effect...
2024-09-23 07:44:09,568 - INFO - Using categorical units to plot a list of strings that are all parsable as floats or dates. If these strings should be plotted as numbers, cast to the appropriate data type before plotting.
2024-09-23 07:44:11,576 - INFO - Using categorical units to plot a list of strings that are all parsable as floats or dates. If these strings should be plotted as numbers, cast to the appropriate data type before plotting.
2024-09-23 07:45:28,148 - INFO - Plotting customer flow in open days...
2024-09-23 07:45:33,647 - INFO - Using categorical units to plot a list of strings that are all parsable as floats or dates. If these strings should be plotted as numbers, cast to the appropriate data type before plotting.
2024-09-23 07:45:35,129 - INFO - Using categorical units to plot a list of strings that are all parsable as floats or dates. If these strings should be plotted as numbers, cast to the appropriate data type before plotting.
2024-09-23 07:47:08,455 - INFO - Plotting promo effect over time...
2024-09-23 07:47:36,807 - INFO - Plotting sales vs promotions...
2024-09-23 07:47:56,321 - INFO - Using categorical units to plot a list of strings that are all parsable as floats or dates. If these strings should be plotted as numbers, cast to the appropriate data type before plotting.
2024-09-23 07:47:59,624 - INFO - Using categorical units to plot a list of strings that are all parsable as floats or dates. If these strings should be plotted as numbers, cast to the appropriate data type before plotting.
2024-09-23 07:50:18,220 - INFO - Plotting Sales Trends Over Time by Assortment Type...
2024-09-23 07:50:18,305 - ERROR - Error in plotting Sales Trends Over Time by Assortment Type: name 'average_sales_by_assortment' is not defined
2024-09-23 07:52:37,054 - INFO - Plotting  Sales distribution by assortment type.
2024-09-23 07:53:15,944 - INFO - Plotting Sales Trends Over Time by Assortment Type...
2024-09-23 07:53:15,947 - ERROR - Error in plotting Sales Trends Over Time by Assortment Type: name 'average_sales_by_assortment' is not defined
